[2019-11-24 15:25:31 ] [org.hibernate.loader.plan.exec.internal.LoadQueryJoinAndFetchProcessor] [main] [102] [DEBUG] processing queryspace <gen:0>
[2019-11-24 15:25:31 ] [org.hibernate.loader.plan.build.spi.LoadPlanTreePrinter] [main] [55] [DEBUG] LoadPlan(entity=pl.rafalmiskiewicz.ADOZL.user.User)
    - Returns
       - EntityReturnImpl(entity=pl.rafalmiskiewicz.ADOZL.user.User, querySpaceUid=<gen:0>, path=pl.rafalmiskiewicz.ADOZL.user.User)
          - CollectionAttributeFetchImpl(collection=pl.rafalmiskiewicz.ADOZL.user.User.roles, querySpaceUid=<gen:1>, path=pl.rafalmiskiewicz.ADOZL.user.User.roles)
             - (collection element) CollectionFetchableElementEntityGraph(entity=pl.rafalmiskiewicz.ADOZL.user.Role, querySpaceUid=<gen:2>, path=pl.rafalmiskiewicz.ADOZL.user.User.roles.<elements>)
    - QuerySpaces
       - EntityQuerySpaceImpl(uid=<gen:0>, entity=pl.rafalmiskiewicz.ADOZL.user.User)
          - SQL table alias mapping - user0_
          - alias suffix - 0_
          - suffixed key columns - {user_id1_1_0_}

[2019-11-24 15:25:31 ] [org.hibernate.loader.entity.plan.EntityLoader] [main] [137] [DEBUG] Static select for entity pl.rafalmiskiewicz.ADOZL.user.User [NONE]: select user0_.user_id as user_id1_1_0_, user0_.activation_code as activati2_1_0_, user0_.active as active3_1_0_, user0_.email as email4_1_0_, user0_.last_name as last_nam5_1_0_, user0_.name as name6_1_0_, user0_.password as password7_1_0_ from user user0_ where user0_.user_id=?
[2019-11-24 15:25:31 ] [org.hibernate.loader.plan.build.internal.spaces.QuerySpacesImpl] [main] [174] [DEBUG] Adding QuerySpace : uid = <gen:0> -> org.hibernate.loader.plan.build.internal.spaces.EntityQuerySpaceImpl@4780341]
[2019-11-24 15:25:31 ] [org.hibernate.persister.walking.spi.MetamodelGraphWalker] [main] [146] [DEBUG] Visiting attribute path : activationCode
[2019-11-24 15:25:31 ] [org.hibernate.persister.walking.spi.MetamodelGraphWalker] [main] [146] [DEBUG] Visiting attribute path : active
[2019-11-24 15:25:31 ] [org.hibernate.persister.walking.spi.MetamodelGraphWalker] [main] [146] [DEBUG] Visiting attribute path : email
[2019-11-24 15:25:31 ] [org.hibernate.persister.walking.spi.MetamodelGraphWalker] [main] [146] [DEBUG] Visiting attribute path : lastName
[2019-11-24 15:25:31 ] [org.hibernate.persister.walking.spi.MetamodelGraphWalker] [main] [146] [DEBUG] Visiting attribute path : name
[2019-11-24 15:25:31 ] [org.hibernate.persister.walking.spi.MetamodelGraphWalker] [main] [146] [DEBUG] Visiting attribute path : password
[2019-11-24 15:25:31 ] [org.hibernate.persister.walking.spi.MetamodelGraphWalker] [main] [146] [DEBUG] Visiting attribute path : roles
[2019-11-24 15:25:31 ] [org.hibernate.loader.plan.build.internal.spaces.QuerySpacesImpl] [main] [174] [DEBUG] Adding QuerySpace : uid = <gen:1> -> org.hibernate.loader.plan.build.internal.spaces.CollectionQuerySpaceImpl@612ac38b]
[2019-11-24 15:25:31 ] [org.hibernate.loader.plan.build.internal.spaces.QuerySpacesImpl] [main] [174] [DEBUG] Adding QuerySpace : uid = <gen:2> -> org.hibernate.loader.plan.build.internal.spaces.EntityQuerySpaceImpl@9f2fe2e]
[2019-11-24 15:25:31 ] [org.hibernate.loader.plan.build.internal.FetchStyleLoadPlanBuildingAssociationVisitationStrategy] [main] [150] [DEBUG] Building LoadPlan...
[2019-11-24 15:25:31 ] [org.hibernate.loader.plan.exec.internal.LoadQueryJoinAndFetchProcessor] [main] [102] [DEBUG] processing queryspace <gen:0>
[2019-11-24 15:25:31 ] [org.hibernate.loader.plan.build.spi.LoadPlanTreePrinter] [main] [55] [DEBUG] LoadPlan(entity=pl.rafalmiskiewicz.ADOZL.user.User)
    - Returns
       - EntityReturnImpl(entity=pl.rafalmiskiewicz.ADOZL.user.User, querySpaceUid=<gen:0>, path=pl.rafalmiskiewicz.ADOZL.user.User)
          - CollectionAttributeFetchImpl(collection=pl.rafalmiskiewicz.ADOZL.user.User.roles, querySpaceUid=<gen:1>, path=pl.rafalmiskiewicz.ADOZL.user.User.roles)
             - (collection element) CollectionFetchableElementEntityGraph(entity=pl.rafalmiskiewicz.ADOZL.user.Role, querySpaceUid=<gen:2>, path=pl.rafalmiskiewicz.ADOZL.user.User.roles.<elements>)
    - QuerySpaces
       - EntityQuerySpaceImpl(uid=<gen:0>, entity=pl.rafalmiskiewicz.ADOZL.user.User)
          - SQL table alias mapping - user0_
          - alias suffix - 0_
          - suffixed key columns - {user_id1_1_0_}

[2019-11-24 15:25:31 ] [org.hibernate.loader.entity.plan.EntityLoader] [main] [137] [DEBUG] Static select for entity pl.rafalmiskiewicz.ADOZL.user.User [READ]: select user0_.user_id as user_id1_1_0_, user0_.activation_code as activati2_1_0_, user0_.active as active3_1_0_, user0_.email as email4_1_0_, user0_.last_name as last_nam5_1_0_, user0_.name as name6_1_0_, user0_.password as password7_1_0_ from user user0_ where user0_.user_id=?
[2019-11-24 15:25:31 ] [org.hibernate.loader.entity.CascadeEntityLoader] [main] [38] [DEBUG] Static select for action ACTION_MERGE on entity pl.rafalmiskiewicz.ADOZL.user.User: select user0_.user_id as user_id1_1_1_, user0_.activation_code as activati2_1_1_, user0_.active as active3_1_1_, user0_.email as email4_1_1_, user0_.last_name as last_nam5_1_1_, user0_.name as name6_1_1_, user0_.password as password7_1_1_, roles1_.user_id as user_id1_2_3_, role2_.role_id as role_id2_2_3_, role2_.role_id as role_id1_0_0_, role2_.role as role2_0_0_ from user user0_ left outer join user_role roles1_ on user0_.user_id=roles1_.user_id left outer join role role2_ on roles1_.role_id=role2_.role_id where user0_.user_id=?
[2019-11-24 15:25:31 ] [org.hibernate.loader.entity.CascadeEntityLoader] [main] [38] [DEBUG] Static select for action ACTION_REFRESH on entity pl.rafalmiskiewicz.ADOZL.user.User: select user0_.user_id as user_id1_1_1_, user0_.activation_code as activati2_1_1_, user0_.active as active3_1_1_, user0_.email as email4_1_1_, user0_.last_name as last_nam5_1_1_, user0_.name as name6_1_1_, user0_.password as password7_1_1_, roles1_.user_id as user_id1_2_3_, role2_.role_id as role_id2_2_3_, role2_.role_id as role_id1_0_0_, role2_.role as role2_0_0_ from user user0_ left outer join user_role roles1_ on user0_.user_id=roles1_.user_id left outer join role role2_ on roles1_.role_id=role2_.role_id where user0_.user_id=?
[2019-11-24 15:25:31 ] [org.hibernate.loader.plan.build.internal.spaces.QuerySpacesImpl] [main] [174] [DEBUG] Adding QuerySpace : uid = <gen:0> -> org.hibernate.loader.plan.build.internal.spaces.CollectionQuerySpaceImpl@268f0ff3]
[2019-11-24 15:25:31 ] [org.hibernate.loader.plan.build.internal.spaces.QuerySpacesImpl] [main] [174] [DEBUG] Adding QuerySpace : uid = <gen:1> -> org.hibernate.loader.plan.build.internal.spaces.EntityQuerySpaceImpl@11978f52]
[2019-11-24 15:25:31 ] [org.hibernate.persister.walking.spi.MetamodelGraphWalker] [main] [146] [DEBUG] Visiting attribute path : role
[2019-11-24 15:25:31 ] [org.hibernate.loader.plan.build.internal.FetchStyleLoadPlanBuildingAssociationVisitationStrategy] [main] [150] [DEBUG] Building LoadPlan...
[2019-11-24 15:25:31 ] [org.hibernate.loader.plan.exec.internal.LoadQueryJoinAndFetchProcessor] [main] [102] [DEBUG] processing queryspace <gen:0>
[2019-11-24 15:25:31 ] [org.hibernate.loader.plan.build.spi.LoadPlanTreePrinter] [main] [55] [DEBUG] LoadPlan(collection=pl.rafalmiskiewicz.ADOZL.user.User.roles)
    - Returns
       - CollectionReturnImpl(collection=pl.rafalmiskiewicz.ADOZL.user.User.roles, querySpaceUid=<gen:0>, path=[pl.rafalmiskiewicz.ADOZL.user.User.roles])
          - (collection element) CollectionFetchableElementEntityGraph(entity=pl.rafalmiskiewicz.ADOZL.user.Role, querySpaceUid=<gen:1>, path=[pl.rafalmiskiewicz.ADOZL.user.User.roles].<elements>)
    - QuerySpaces
       - CollectionQuerySpaceImpl(uid=<gen:0>, collection=pl.rafalmiskiewicz.ADOZL.user.User.roles)
          - SQL table alias mapping - roles0_
          - alias suffix - 0_
          - suffixed key columns - {user_id1_2_0_}
          - entity-element alias suffix - 1_
          - 1_entity-element suffixed key columns - role_id1_0_1_
          - JOIN (JoinDefinedByMetadata(elements)) : <gen:0> -> <gen:1>
             - EntityQuerySpaceImpl(uid=<gen:1>, entity=pl.rafalmiskiewicz.ADOZL.user.Role)
                - SQL table alias mapping - role1_
                - alias suffix - 1_
                - suffixed key columns - {role_id1_0_1_}

[2019-11-24 15:25:31 ] [org.hibernate.loader.collection.plan.CollectionLoader] [main] [83] [DEBUG] Static select for collection pl.rafalmiskiewicz.ADOZL.user.User.roles: select roles0_.user_id as user_id1_2_0_, roles0_.role_id as role_id2_2_0_, role1_.role_id as role_id1_0_1_, role1_.role as role2_0_1_ from user_role roles0_ inner join role role1_ on roles0_.role_id=role1_.role_id where roles0_.user_id=?
[2019-11-24 15:25:31 ] [org.hibernate.tool.schema.spi.SchemaManagementToolCoordinator] [main] [57] [DEBUG] No actions specified; doing nothing
[2019-11-24 15:25:31 ] [org.hibernate.engine.transaction.jta.platform.internal.JtaPlatformInitiator] [main] [52] [INFO ] HHH000490: Using JtaPlatform implementation: [org.hibernate.engine.transaction.jta.platform.internal.NoJtaPlatform]
[2019-11-24 15:25:31 ] [org.hibernate.query.spi.NamedQueryRepository] [main] [151] [DEBUG] Checking 0 named HQL queries
[2019-11-24 15:25:31 ] [org.hibernate.query.spi.NamedQueryRepository] [main] [167] [DEBUG] Checking 0 named SQL queries
[2019-11-24 15:25:31 ] [org.hibernate.internal.SessionFactoryRegistry] [main] [52] [DEBUG] Initializing SessionFactoryRegistry : org.hibernate.internal.SessionFactoryRegistry@5c7c75fb
[2019-11-24 15:25:31 ] [org.hibernate.internal.SessionFactoryRegistry] [main] [74] [DEBUG] Registering SessionFactory: 09dfd91a-58c2-45e6-a4a6-5455f8e73381 (<unnamed>)
[2019-11-24 15:25:31 ] [org.hibernate.internal.SessionFactoryRegistry] [main] [81] [DEBUG] Not binding SessionFactory to JNDI, no JNDI name configured
[2019-11-24 15:25:31 ] [org.springframework.orm.jpa.AbstractEntityManagerFactoryBean] [main] [416] [INFO ] Initialized JPA EntityManagerFactory for persistence unit 'default'
[2019-11-24 15:25:31 ] [com.zaxxer.hikari.HikariDataSource] [main] [110] [INFO ] HikariPool-1 - Starting...
[2019-11-24 15:25:31 ] [com.zaxxer.hikari.pool.HikariPool] [main] [595] [ERROR] HikariPool-1 - Exception during pool initialization.
java.sql.SQLException: Access denied for user 'root'@'localhost' (using password: YES)
	at com.mysql.cj.jdbc.exceptions.SQLError.createSQLException(SQLError.java:129)
	at com.mysql.cj.jdbc.exceptions.SQLError.createSQLException(SQLError.java:97)
	at com.mysql.cj.jdbc.exceptions.SQLExceptionsMapping.translateException(SQLExceptionsMapping.java:122)
	at com.mysql.cj.jdbc.ConnectionImpl.createNewIO(ConnectionImpl.java:836)
	at com.mysql.cj.jdbc.ConnectionImpl.<init>(ConnectionImpl.java:456)
	at com.mysql.cj.jdbc.ConnectionImpl.getInstance(ConnectionImpl.java:246)
	at com.mysql.cj.jdbc.NonRegisteringDriver.connect(NonRegisteringDriver.java:199)
	at com.zaxxer.hikari.util.DriverDataSource.getConnection(DriverDataSource.java:138)
	at com.zaxxer.hikari.pool.PoolBase.newConnection(PoolBase.java:353)
	at com.zaxxer.hikari.pool.PoolBase.newPoolEntry(PoolBase.java:201)
	at com.zaxxer.hikari.pool.HikariPool.createPoolEntry(HikariPool.java:473)
	at com.zaxxer.hikari.pool.HikariPool.checkFailFast(HikariPool.java:562)
	at com.zaxxer.hikari.pool.HikariPool.<init>(HikariPool.java:115)
	at com.zaxxer.hikari.HikariDataSource.getConnection(HikariDataSource.java:112)
	at org.springframework.jdbc.datasource.DataSourceUtils.fetchConnection(DataSourceUtils.java:158)
	at org.springframework.jdbc.datasource.DataSourceUtils.doGetConnection(DataSourceUtils.java:116)
	at org.springframework.jdbc.datasource.DataSourceUtils.getConnection(DataSourceUtils.java:79)
	at org.springframework.jdbc.core.JdbcTemplate.execute(JdbcTemplate.java:324)
	at org.springframework.boot.jdbc.EmbeddedDatabaseConnection.isEmbedded(EmbeddedDatabaseConnection.java:120)
	at org.springframework.boot.autoconfigure.orm.jpa.DataSourceInitializedPublisher.lambda$isInitializingDatabase$0(DataSourceInitializedPublisher.java:116)
	at org.springframework.boot.autoconfigure.orm.jpa.HibernateSettings.getDdlAuto(HibernateSettings.java:41)
	at org.springframework.boot.autoconfigure.orm.jpa.HibernateProperties.determineDdlAuto(HibernateProperties.java:136)
	at org.springframework.boot.autoconfigure.orm.jpa.HibernateProperties.getAdditionalProperties(HibernateProperties.java:102)
	at org.springframework.boot.autoconfigure.orm.jpa.HibernateProperties.determineHibernateProperties(HibernateProperties.java:94)
	at org.springframework.boot.autoconfigure.orm.jpa.DataSourceInitializedPublisher.isInitializingDatabase(DataSourceInitializedPublisher.java:118)
	at org.springframework.boot.autoconfigure.orm.jpa.DataSourceInitializedPublisher.publishEventIfRequired(DataSourceInitializedPublisher.java:98)
	at org.springframework.boot.autoconfigure.orm.jpa.DataSourceInitializedPublisher.postProcessAfterInitialization(DataSourceInitializedPublisher.java:90)
	at org.springframework.beans.factory.support.AbstractAutowireCapableBeanFactory.applyBeanPostProcessorsAfterInitialization(AbstractAutowireCapableBeanFactory.java:431)
	at org.springframework.beans.factory.support.AbstractAutowireCapableBeanFactory.initializeBean(AbstractAutowireCapableBeanFactory.java:1807)
	at org.springframework.beans.factory.support.AbstractAutowireCapableBeanFactory.doCreateBean(AbstractAutowireCapableBeanFactory.java:595)
	at org.springframework.beans.factory.support.AbstractAutowireCapableBeanFactory.createBean(AbstractAutowireCapableBeanFactory.java:517)
	at org.springframework.beans.factory.support.AbstractBeanFactory.lambda$doGetBean$0(AbstractBeanFactory.java:323)
	at org.springframework.beans.factory.support.DefaultSingletonBeanRegistry.getSingleton(DefaultSingletonBeanRegistry.java:222)
	at org.springframework.beans.factory.support.AbstractBeanFactory.doGetBean(AbstractBeanFactory.java:321)
	at org.springframework.beans.factory.support.AbstractBeanFactory.getBean(AbstractBeanFactory.java:202)
	at org.springframework.context.support.AbstractApplicationContext.getBean(AbstractApplicationContext.java:1108)
	at org.springframework.context.support.AbstractApplicationContext.finishBeanFactoryInitialization(AbstractApplicationContext.java:868)
	at org.springframework.context.support.AbstractApplicationContext.refresh(AbstractApplicationContext.java:550)
	at org.springframework.boot.web.servlet.context.ServletWebServerApplicationContext.refresh(ServletWebServerApplicationContext.java:141)
	at org.springframework.boot.SpringApplication.refresh(SpringApplication.java:747)
	at org.springframework.boot.SpringApplication.refreshContext(SpringApplication.java:397)
	at org.springframework.boot.SpringApplication.run(SpringApplication.java:315)
	at org.springframework.boot.SpringApplication.run(SpringApplication.java:1226)
	at org.springframework.boot.SpringApplication.run(SpringApplication.java:1215)
	at pl.rafalmiskiewicz.ADOZL.AppdemoApplication.main(AdozlApplication.java:12)
[2019-11-24 15:25:31 ] [org.springframework.boot.autoconfigure.orm.jpa.JpaBaseConfiguration$JpaWebConfiguration] [main] [220] [WARN ] spring.jpa.open-in-view is enabled by default. Therefore, database queries may be performed during view rendering. Explicitly configure spring.jpa.open-in-view to disable this warning
[2019-11-24 15:25:31 ] [org.springframework.security.web.DefaultSecurityFilterChain] [main] [43] [INFO ] Creating filter chain: Ant [pattern='/resources/**'], []
[2019-11-24 15:25:31 ] [org.springframework.security.web.DefaultSecurityFilterChain] [main] [43] [INFO ] Creating filter chain: Ant [pattern='/statics/**'], []
[2019-11-24 15:25:31 ] [org.springframework.security.web.DefaultSecurityFilterChain] [main] [43] [INFO ] Creating filter chain: Ant [pattern='/css/**'], []
[2019-11-24 15:25:31 ] [org.springframework.security.web.DefaultSecurityFilterChain] [main] [43] [INFO ] Creating filter chain: Ant [pattern='/js/**'], []
[2019-11-24 15:25:31 ] [org.springframework.security.web.DefaultSecurityFilterChain] [main] [43] [INFO ] Creating filter chain: Ant [pattern='/images/**'], []
[2019-11-24 15:25:31 ] [org.springframework.security.web.DefaultSecurityFilterChain] [main] [43] [INFO ] Creating filter chain: Ant [pattern='/incl/**'], []
[2019-11-24 15:25:31 ] [org.springframework.security.web.DefaultSecurityFilterChain] [main] [43] [INFO ] Creating filter chain: any request, [org.springframework.security.web.context.request.async.WebAsyncManagerIntegrationFilter@361f1647, org.springframework.security.web.context.SecurityContextPersistenceFilter@24f3fb87, org.springframework.security.web.header.HeaderWriterFilter@5cc075da, org.springframework.security.web.authentication.logout.LogoutFilter@1f57666b, org.springframework.security.web.authentication.UsernamePasswordAuthenticationFilter@39ac8c0c, org.springframework.security.web.savedrequest.RequestCacheAwareFilter@113c4ad6, org.springframework.security.web.servletapi.SecurityContextHolderAwareRequestFilter@2ff8d39b, org.springframework.security.web.authentication.AnonymousAuthenticationFilter@51172948, org.springframework.security.web.session.SessionManagementFilter@64ef2719, org.springframework.security.web.access.ExceptionTranslationFilter@118e2487, org.springframework.security.web.access.intercept.FilterSecurityInterceptor@3df6494f]
[2019-11-24 15:25:31 ] [org.hibernate.validator.internal.engine.resolver.TraversableResolvers] [main] [93] [DEBUG] Found javax.persistence.Persistence on classpath containing 'getPersistenceUtil'. Assuming JPA 2 environment. Trying to instantiate JPA aware TraversableResolver
[2019-11-24 15:25:31 ] [org.hibernate.validator.internal.engine.resolver.TraversableResolvers] [main] [103] [DEBUG] Instantiated JPA aware TraversableResolver of type org.hibernate.validator.internal.engine.resolver.JPATraversableResolver.
[2019-11-24 15:25:31 ] [org.hibernate.validator.messageinterpolation.ResourceBundleMessageInterpolator] [main] [89] [DEBUG] Loaded expression factory via original TCCL
[2019-11-24 15:25:31 ] [org.hibernate.validator.internal.engine.resolver.TraversableResolvers] [main] [93] [DEBUG] Found javax.persistence.Persistence on classpath containing 'getPersistenceUtil'. Assuming JPA 2 environment. Trying to instantiate JPA aware TraversableResolver
[2019-11-24 15:25:31 ] [org.hibernate.validator.internal.engine.resolver.TraversableResolvers] [main] [103] [DEBUG] Instantiated JPA aware TraversableResolver of type org.hibernate.validator.internal.engine.resolver.JPATraversableResolver.
[2019-11-24 15:25:31 ] [org.hibernate.validator.internal.engine.ConfigurationImpl] [main] [148] [DEBUG] Setting custom MessageInterpolator of type org.springframework.validation.beanvalidation.LocaleContextMessageInterpolator
[2019-11-24 15:25:31 ] [org.hibernate.validator.internal.engine.ConfigurationImpl] [main] [180] [DEBUG] Setting custom ConstraintValidatorFactory of type org.springframework.validation.beanvalidation.SpringConstraintValidatorFactory
[2019-11-24 15:25:31 ] [org.hibernate.validator.internal.engine.ConfigurationImpl] [main] [194] [DEBUG] Setting custom ParameterNameProvider of type org.springframework.validation.beanvalidation.LocalValidatorFactoryBean$1
[2019-11-24 15:25:31 ] [org.hibernate.validator.internal.xml.config.ValidationXmlParser] [main] [120] [DEBUG] Trying to load META-INF/validation.xml for XML based Validator configuration.
[2019-11-24 15:25:31 ] [org.hibernate.validator.internal.xml.config.ResourceLoaderHelper] [main] [53] [DEBUG] Trying to load META-INF/validation.xml via user class loader
[2019-11-24 15:25:31 ] [org.hibernate.validator.internal.xml.config.ResourceLoaderHelper] [main] [60] [DEBUG] Trying to load META-INF/validation.xml via TCCL
[2019-11-24 15:25:31 ] [org.hibernate.validator.internal.xml.config.ResourceLoaderHelper] [main] [66] [DEBUG] Trying to load META-INF/validation.xml via Hibernate Validator's class loader
[2019-11-24 15:25:31 ] [org.hibernate.validator.internal.xml.config.ValidationXmlParser] [main] [127] [DEBUG] No META-INF/validation.xml found. Using annotation based configuration only.
[2019-11-24 15:25:31 ] [org.hibernate.validator.internal.engine.ValidatorFactoryImpl] [main] [578] [DEBUG] HV000234: Using org.springframework.validation.beanvalidation.LocaleContextMessageInterpolator as ValidatorFactory-scoped message interpolator.
[2019-11-24 15:25:31 ] [org.hibernate.validator.internal.engine.ValidatorFactoryImpl] [main] [579] [DEBUG] HV000234: Using org.hibernate.validator.internal.engine.resolver.JPATraversableResolver as ValidatorFactory-scoped traversable resolver.
[2019-11-24 15:25:31 ] [org.hibernate.validator.internal.engine.ValidatorFactoryImpl] [main] [580] [DEBUG] HV000234: Using org.hibernate.validator.internal.util.ExecutableParameterNameProvider as ValidatorFactory-scoped parameter name provider.
[2019-11-24 15:25:31 ] [org.hibernate.validator.internal.engine.ValidatorFactoryImpl] [main] [581] [DEBUG] HV000234: Using org.hibernate.validator.internal.engine.DefaultClockProvider as ValidatorFactory-scoped clock provider.
[2019-11-24 15:25:31 ] [org.hibernate.validator.internal.engine.ValidatorFactoryImpl] [main] [582] [DEBUG] HV000234: Using org.hibernate.validator.internal.engine.scripting.DefaultScriptEvaluatorFactory as ValidatorFactory-scoped script evaluator factory.
[2019-11-24 15:25:31 ] [org.springframework.scheduling.concurrent.ExecutorConfigurationSupport] [main] [171] [INFO ] Initializing ExecutorService 'applicationTaskExecutor'
[2019-11-24 15:25:32 ] [org.springframework.boot.autoconfigure.web.servlet.WelcomePageHandlerMapping] [main] [58] [INFO ] Adding welcome page template: index
[2019-11-24 15:25:32 ] [org.springframework.boot.autoconfigure.security.servlet.UserDetailsServiceAutoConfiguration] [main] [86] [INFO ] 

Using generated security password: 48c2d829-124e-4682-9e8a-708a870f936f

[2019-11-24 15:25:32 ] [org.apache.juli.logging.DirectJDKLog] [main] [173] [INFO ] Starting ProtocolHandler ["http-nio-8080"]
[2019-11-24 15:25:32 ] [org.springframework.boot.web.embedded.tomcat.TomcatWebServer] [main] [204] [INFO ] Tomcat started on port(s): 8080 (http) with context path ''
[2019-11-24 15:25:32 ] [org.springframework.boot.StartupInfoLogger] [main] [61] [INFO ] Started AppdemoApplication in 5.577 seconds (JVM running for 6.853)
[2019-11-24 15:27:43 ] [org.apache.juli.logging.DirectJDKLog] [http-nio-8080-exec-1] [173] [INFO ] Initializing Spring DispatcherServlet 'dispatcherServlet'
[2019-11-24 15:27:43 ] [org.springframework.web.servlet.FrameworkServlet] [http-nio-8080-exec-1] [525] [INFO ] Initializing Servlet 'dispatcherServlet'
[2019-11-24 15:27:43 ] [org.springframework.web.servlet.FrameworkServlet] [http-nio-8080-exec-1] [547] [INFO ] Completed initialization in 7 ms
[2019-11-24 15:27:44 ] [org.hibernate.stat.internal.StatisticsInitiator] [http-nio-8080-exec-1] [101] [DEBUG] Statistics initialized [enabled=false]
[2019-11-24 15:27:44 ] [org.apache.juli.logging.DirectJDKLog] [http-nio-8080-exec-1] [173] [WARN ] Creation of SecureRandom instance for session ID generation using [SHA1PRNG] took [354] milliseconds.
[2019-11-24 15:27:45 ] [org.springframework.web.servlet.DispatcherServlet] [http-nio-8080-exec-3] [1251] [WARN ] No mapping for GET /login
[2019-11-24 15:27:45 ] [org.springframework.web.servlet.DispatcherServlet] [http-nio-8080-exec-5] [1251] [WARN ] No mapping for GET /login
